Release 14.7 Map P.20131013 (nt64)
Xilinx Mapping Report File for Design 'pipeline2_unrolling1'

Design Information
------------------
Command Line   : map -intstyle ise -p xc5vlx110t-ff1136-1 -w -logic_opt off -ol
high -t 1 -register_duplication off -global_opt off -mt off -cm area -ir off -pr
off -lc off -power off -o pipeline2_unrolling1_map.ncd pipeline2_unrolling1.ngd
pipeline2_unrolling1.pcf 
Target Device  : xc5vlx110t
Target Package : ff1136
Target Speed   : -1
Mapper Version : virtex5 -- $Revision: 1.55 $
Mapped Date    : Mon May 13 22:06:42 2019

Design Summary
--------------
Number of errors:      0
Number of warnings:    0
Slice Logic Utilization:
  Number of Slice Registers:                 4,296 out of  69,120    6%
    Number used as Flip Flops:               4,296
  Number of Slice LUTs:                      4,353 out of  69,120    6%
    Number used as logic:                    4,353 out of  69,120    6%
      Number using O6 output only:           4,349
      Number using O5 and O6:                    4
  Number of route-thrus:                        28
    Number using O5 output only:                28

Slice Logic Distribution:
  Number of occupied Slices:                 1,550 out of  17,280    8%
  Number of LUT Flip Flop pairs used:        5,249
    Number with an unused Flip Flop:           953 out of   5,249   18%
    Number with an unused LUT:                 896 out of   5,249   17%
    Number of fully used LUT-FF pairs:       3,400 out of   5,249   64%
    Number of unique control sets:               3
    Number of slice register sites lost
      to control set restrictions:               0 out of  69,120    0%

  A LUT Flip Flop pair for this architecture represents one LUT paired with
  one Flip Flop within a slice.  A control set is a unique combination of
  clock, reset, set, and enable signals for a registered element.
  The Slice Logic Distribution report is not meaningful if the design is
  over-mapped for a non-slice resource or if Placement fails.
  OVERMAPPING of BRAM resources should be ignored if the design is
  over-mapped for a non-BRAM resource or if placement fails.

IO Utilization:
  Number of bonded IOBs:                       397 out of     640   62%

Specific Feature Utilization:
  Number of BUFG/BUFGCTRLs:                      3 out of      32    9%
    Number used as BUFGs:                        3

Average Fanout of Non-Clock Nets:                4.68

Peak Memory Usage:  4886 MB
Total REAL time to MAP completion:  3 mins 47 secs 
Total CPU time to MAP completion:   2 mins 4 secs 

Table of Contents
-----------------
Section 1 - Errors
Section 2 - Warnings
Section 3 - Informational
Section 4 - Removed Logic Summary
Section 5 - Removed Logic
Section 6 - IOB Properties
Section 7 - RPMs
Section 8 - Guide Report
Section 9 - Area Group and Partition Summary
Section 10 - Timing Report
Section 11 - Configuration String Information
Section 12 - Control Set Information
Section 13 - Utilization by Hierarchy

Section 1 - Errors
------------------

Section 2 - Warnings
--------------------

Section 3 - Informational
-------------------------
INFO:MapLib:562 - No environment variables are currently set.
INFO:LIT:244 - All of the single ended outputs in this design are using slew
   rate limited output drivers. The delay on speed critical single ended outputs
   can be dramatically reduced by designating them as fast outputs.
INFO:Pack:1716 - Initializing temperature to 85.000 Celsius. (default - Range:
   0.000 to 85.000 Celsius)
INFO:Pack:1720 - Initializing voltage to 0.950 Volts. (default - Range: 0.950 to
   1.050 Volts)
INFO:Map:215 - The Interim Design Summary has been generated in the MAP Report
   (.mrp).
INFO:Pack:1650 - Map created a placed design.

Section 4 - Removed Logic Summary
---------------------------------

Section 5 - Removed Logic
-------------------------

Section 6 - IOB Properties
--------------------------

+---------------------------------------------------------------------------------------------------------------------------------------------------------+
| IOB Name                           | Type             | Direction | IO Standard          | Diff  | Drive    | Slew | Reg (s)      | Resistor | IOB      |
|                                    |                  |           |                      | Term  | Strength | Rate |              |          | Delay    |
+---------------------------------------------------------------------------------------------------------------------------------------------------------+
| clk                                | IOB              | INPUT     | LVCMOS25             |       |          |      |              |          |          |
| complete                           | IOB              | OUTPUT    | LVCMOS25             |       | 12       | SLOW |              |          |          |
| digest<0>                          | IOB              | OUTPUT    | LVCMOS25             |       | 12       | SLOW |              |          |          |
| digest<1>                          | IOB              | OUTPUT    | LVCMOS25             |       | 12       | SLOW |              |          |          |
| digest<2>                          | IOB              | OUTPUT    | LVCMOS25             |       | 12       | SLOW |              |          |          |
| digest<3>                          | IOB              | OUTPUT    | LVCMOS25             |       | 12       | SLOW |              |          |          |
| digest<4>                          | IOB              | OUTPUT    | LVCMOS25             |       | 12       | SLOW |              |          |          |
| digest<5>                          | IOB              | OUTPUT    | LVCMOS25             |       | 12       | SLOW |              |          |          |
| digest<6>                          | IOB              | OUTPUT    | LVCMOS25             |       | 12       | SLOW |              |          |          |
| digest<7>                          | IOB              | OUTPUT    | LVCMOS25             |       | 12       | SLOW |              |          |          |
| digest<8>                          | IOB              | OUTPUT    | LVCMOS25             |       | 12       | SLOW |              |          |          |
| digest<9>                          | IOB              | OUTPUT    | LVCMOS25             |       | 12       | SLOW |              |          |          |
| digest<10>                         | IOB              | OUTPUT    | LVCMOS25             |       | 12       | SLOW |              |          |          |
| digest<11>                         | IOB              | OUTPUT    | LVCMOS25             |       | 12       | SLOW |              |          |          |
| digest<12>                         | IOB              | OUTPUT    | LVCMOS25             |       | 12       | SLOW |              |          |          |
| digest<13>                         | IOB              | OUTPUT    | LVCMOS25             |       | 12       | SLOW |              |          |          |
| digest<14>                         | IOB              | OUTPUT    | LVCMOS25             |       | 12       | SLOW |              |          |          |
| digest<15>                         | IOB              | OUTPUT    | LVCMOS25             |       | 12       | SLOW |              |          |          |
| digest<16>                         | IOB              | OUTPUT    | LVCMOS25             |       | 12       | SLOW |              |          |          |
| digest<17>                         | IOB              | OUTPUT    | LVCMOS25             |       | 12       | SLOW |              |          |          |
| digest<18>                         | IOB              | OUTPUT    | LVCMOS25             |       | 12       | SLOW |              |          |          |
| digest<19>                         | IOB              | OUTPUT    | LVCMOS25             |       | 12       | SLOW |              |          |          |
| digest<20>                         | IOB              | OUTPUT    | LVCMOS25             |       | 12       | SLOW |              |          |          |
| digest<21>                         | IOB              | OUTPUT    | LVCMOS25             |       | 12       | SLOW |              |          |          |
| digest<22>                         | IOB              | OUTPUT    | LVCMOS25             |       | 12       | SLOW |              |          |          |
| digest<23>                         | IOB              | OUTPUT    | LVCMOS25             |       | 12       | SLOW |              |          |          |
| digest<24>                         | IOB              | OUTPUT    | LVCMOS25             |       | 12       | SLOW |              |          |          |
| digest<25>                         | IOB              | OUTPUT    | LVCMOS25             |       | 12       | SLOW |              |          |          |
| digest<26>                         | IOB              | OUTPUT    | LVCMOS25             |       | 12       | SLOW |              |          |          |
| digest<27>                         | IOB              | OUTPUT    | LVCMOS25             |       | 12       | SLOW |              |          |          |
| digest<28>                         | IOB              | OUTPUT    | LVCMOS25             |       | 12       | SLOW |              |          |          |
| digest<29>                         | IOB              | OUTPUT    | LVCMOS25             |       | 12       | SLOW |              |          |          |
| digest<30>                         | IOB              | OUTPUT    | LVCMOS25             |       | 12       | SLOW |              |          |          |
| digest<31>                         | IOB              | OUTPUT    | LVCMOS25             |       | 12       | SLOW |              |          |          |
| digest<32>                         | IOB              | OUTPUT    | LVCMOS25             |       | 12       | SLOW |              |          |          |
| digest<33>                         | IOB              | OUTPUT    | LVCMOS25             |       | 12       | SLOW |              |          |          |
| digest<34>                         | IOB              | OUTPUT    | LVCMOS25             |       | 12       | SLOW |              |          |          |
| digest<35>                         | IOB              | OUTPUT    | LVCMOS25             |       | 12       | SLOW |              |          |          |
| digest<36>                         | IOB              | OUTPUT    | LVCMOS25             |       | 12       | SLOW |              |          |          |
| digest<37>                         | IOB              | OUTPUT    | LVCMOS25             |       | 12       | SLOW |              |          |          |
| digest<38>                         | IOB              | OUTPUT    | LVCMOS25             |       | 12       | SLOW |              |          |          |
| digest<39>                         | IOB              | OUTPUT    | LVCMOS25             |       | 12       | SLOW |              |          |          |
| digest<40>                         | IOB              | OUTPUT    | LVCMOS25             |       | 12       | SLOW |              |          |          |
| digest<41>                         | IOB              | OUTPUT    | LVCMOS25             |       | 12       | SLOW |              |          |          |
| digest<42>                         | IOB              | OUTPUT    | LVCMOS25             |       | 12       | SLOW |              |          |          |
| digest<43>                         | IOB              | OUTPUT    | LVCMOS25             |       | 12       | SLOW |              |          |          |
| digest<44>                         | IOB              | OUTPUT    | LVCMOS25             |       | 12       | SLOW |              |          |          |
| digest<45>                         | IOB              | OUTPUT    | LVCMOS25             |       | 12       | SLOW |              |          |          |
| digest<46>                         | IOB              | OUTPUT    | LVCMOS25             |       | 12       | SLOW |              |          |          |
| digest<47>                         | IOB              | OUTPUT    | LVCMOS25             |       | 12       | SLOW |              |          |          |
| digest<48>                         | IOB              | OUTPUT    | LVCMOS25             |       | 12       | SLOW |              |          |          |
| digest<49>                         | IOB              | OUTPUT    | LVCMOS25             |       | 12       | SLOW |              |          |          |
| digest<50>                         | IOB              | OUTPUT    | LVCMOS25             |       | 12       | SLOW |              |          |          |
| digest<51>                         | IOB              | OUTPUT    | LVCMOS25             |       | 12       | SLOW |              |          |          |
| digest<52>                         | IOB              | OUTPUT    | LVCMOS25             |       | 12       | SLOW |              |          |          |
| digest<53>                         | IOB              | OUTPUT    | LVCMOS25             |       | 12       | SLOW |              |          |          |
| digest<54>                         | IOB              | OUTPUT    | LVCMOS25             |       | 12       | SLOW |              |          |          |
| digest<55>                         | IOB              | OUTPUT    | LVCMOS25             |       | 12       | SLOW |              |          |          |
| digest<56>                         | IOB              | OUTPUT    | LVCMOS25             |       | 12       | SLOW |              |          |          |
| digest<57>                         | IOB              | OUTPUT    | LVCMOS25             |       | 12       | SLOW |              |          |          |
| digest<58>                         | IOB              | OUTPUT    | LVCMOS25             |       | 12       | SLOW |              |          |          |
| digest<59>                         | IOB              | OUTPUT    | LVCMOS25             |       | 12       | SLOW |              |          |          |
| digest<60>                         | IOB              | OUTPUT    | LVCMOS25             |       | 12       | SLOW |              |          |          |
| digest<61>                         | IOB              | OUTPUT    | LVCMOS25             |       | 12       | SLOW |              |          |          |
| digest<62>                         | IOB              | OUTPUT    | LVCMOS25             |       | 12       | SLOW |              |          |          |
| digest<63>                         | IOB              | OUTPUT    | LVCMOS25             |       | 12       | SLOW |              |          |          |
| digest<64>                         | IOB              | OUTPUT    | LVCMOS25             |       | 12       | SLOW |              |          |          |
| digest<65>                         | IOB              | OUTPUT    | LVCMOS25             |       | 12       | SLOW |              |          |          |
| digest<66>                         | IOB              | OUTPUT    | LVCMOS25             |       | 12       | SLOW |              |          |          |
| digest<67>                         | IOB              | OUTPUT    | LVCMOS25             |       | 12       | SLOW |              |          |          |
| digest<68>                         | IOB              | OUTPUT    | LVCMOS25             |       | 12       | SLOW |              |          |          |
| digest<69>                         | IOB              | OUTPUT    | LVCMOS25             |       | 12       | SLOW |              |          |          |
| digest<70>                         | IOB              | OUTPUT    | LVCMOS25             |       | 12       | SLOW |              |          |          |
| digest<71>                         | IOB              | OUTPUT    | LVCMOS25             |       | 12       | SLOW |              |          |          |
| digest<72>                         | IOB              | OUTPUT    | LVCMOS25             |       | 12       | SLOW |              |          |          |
| digest<73>                         | IOB              | OUTPUT    | LVCMOS25             |       | 12       | SLOW |              |          |          |
| digest<74>                         | IOB              | OUTPUT    | LVCMOS25             |       | 12       | SLOW |              |          |          |
| digest<75>                         | IOB              | OUTPUT    | LVCMOS25             |       | 12       | SLOW |              |          |          |
| digest<76>                         | IOB              | OUTPUT    | LVCMOS25             |       | 12       | SLOW |              |          |          |
| digest<77>                         | IOB              | OUTPUT    | LVCMOS25             |       | 12       | SLOW |              |          |          |
| digest<78>                         | IOB              | OUTPUT    | LVCMOS25             |       | 12       | SLOW |              |          |          |
| digest<79>                         | IOB              | OUTPUT    | LVCMOS25             |       | 12       | SLOW |              |          |          |
| digest<80>                         | IOB              | OUTPUT    | LVCMOS25             |       | 12       | SLOW |              |          |          |
| digest<81>                         | IOB              | OUTPUT    | LVCMOS25             |       | 12       | SLOW |              |          |          |
| digest<82>                         | IOB              | OUTPUT    | LVCMOS25             |       | 12       | SLOW |              |          |          |
| digest<83>                         | IOB              | OUTPUT    | LVCMOS25             |       | 12       | SLOW |              |          |          |
| digest<84>                         | IOB              | OUTPUT    | LVCMOS25             |       | 12       | SLOW |              |          |          |
| digest<85>                         | IOB              | OUTPUT    | LVCMOS25             |       | 12       | SLOW |              |          |          |
| digest<86>                         | IOB              | OUTPUT    | LVCMOS25             |       | 12       | SLOW |              |          |          |
| digest<87>                         | IOB              | OUTPUT    | LVCMOS25             |       | 12       | SLOW |              |          |          |
| digest<88>                         | IOB              | OUTPUT    | LVCMOS25             |       | 12       | SLOW |              |          |          |
| digest<89>                         | IOB              | OUTPUT    | LVCMOS25             |       | 12       | SLOW |              |          |          |
| digest<90>                         | IOB              | OUTPUT    | LVCMOS25             |       | 12       | SLOW |              |          |          |
| digest<91>                         | IOB              | OUTPUT    | LVCMOS25             |       | 12       | SLOW |              |          |          |
| digest<92>                         | IOB              | OUTPUT    | LVCMOS25             |       | 12       | SLOW |              |          |          |
| digest<93>                         | IOB              | OUTPUT    | LVCMOS25             |       | 12       | SLOW |              |          |          |
| digest<94>                         | IOB              | OUTPUT    | LVCMOS25             |       | 12       | SLOW |              |          |          |
| digest<95>                         | IOB              | OUTPUT    | LVCMOS25             |       | 12       | SLOW |              |          |          |
| digest<96>                         | IOB              | OUTPUT    | LVCMOS25             |       | 12       | SLOW |              |          |          |
| digest<97>                         | IOB              | OUTPUT    | LVCMOS25             |       | 12       | SLOW |              |          |          |
| digest<98>                         | IOB              | OUTPUT    | LVCMOS25             |       | 12       | SLOW |              |          |          |
| digest<99>                         | IOB              | OUTPUT    | LVCMOS25             |       | 12       | SLOW |              |          |          |
| digest<100>                        | IOB              | OUTPUT    | LVCMOS25             |       | 12       | SLOW |              |          |          |
| digest<101>                        | IOB              | OUTPUT    | LVCMOS25             |       | 12       | SLOW |              |          |          |
| digest<102>                        | IOB              | OUTPUT    | LVCMOS25             |       | 12       | SLOW |              |          |          |
| digest<103>                        | IOB              | OUTPUT    | LVCMOS25             |       | 12       | SLOW |              |          |          |
| digest<104>                        | IOB              | OUTPUT    | LVCMOS25             |       | 12       | SLOW |              |          |          |
| digest<105>                        | IOB              | OUTPUT    | LVCMOS25             |       | 12       | SLOW |              |          |          |
| digest<106>                        | IOB              | OUTPUT    | LVCMOS25             |       | 12       | SLOW |              |          |          |
| digest<107>                        | IOB              | OUTPUT    | LVCMOS25             |       | 12       | SLOW |              |          |          |
| digest<108>                        | IOB              | OUTPUT    | LVCMOS25             |       | 12       | SLOW |              |          |          |
| digest<109>                        | IOB              | OUTPUT    | LVCMOS25             |       | 12       | SLOW |              |          |          |
| digest<110>                        | IOB              | OUTPUT    | LVCMOS25             |       | 12       | SLOW |              |          |          |
| digest<111>                        | IOB              | OUTPUT    | LVCMOS25             |       | 12       | SLOW |              |          |          |
| digest<112>                        | IOB              | OUTPUT    | LVCMOS25             |       | 12       | SLOW |              |          |          |
| digest<113>                        | IOB              | OUTPUT    | LVCMOS25             |       | 12       | SLOW |              |          |          |
| digest<114>                        | IOB              | OUTPUT    | LVCMOS25             |       | 12       | SLOW |              |          |          |
| digest<115>                        | IOB              | OUTPUT    | LVCMOS25             |       | 12       | SLOW |              |          |          |
| digest<116>                        | IOB              | OUTPUT    | LVCMOS25             |       | 12       | SLOW |              |          |          |
| digest<117>                        | IOB              | OUTPUT    | LVCMOS25             |       | 12       | SLOW |              |          |          |
| digest<118>                        | IOB              | OUTPUT    | LVCMOS25             |       | 12       | SLOW |              |          |          |
| digest<119>                        | IOB              | OUTPUT    | LVCMOS25             |       | 12       | SLOW |              |          |          |
| digest<120>                        | IOB              | OUTPUT    | LVCMOS25             |       | 12       | SLOW |              |          |          |
| digest<121>                        | IOB              | OUTPUT    | LVCMOS25             |       | 12       | SLOW |              |          |          |
| digest<122>                        | IOB              | OUTPUT    | LVCMOS25             |       | 12       | SLOW |              |          |          |
| digest<123>                        | IOB              | OUTPUT    | LVCMOS25             |       | 12       | SLOW |              |          |          |
| digest<124>                        | IOB              | OUTPUT    | LVCMOS25             |       | 12       | SLOW |              |          |          |
| digest<125>                        | IOB              | OUTPUT    | LVCMOS25             |       | 12       | SLOW |              |          |          |
| digest<126>                        | IOB              | OUTPUT    | LVCMOS25             |       | 12       | SLOW |              |          |          |
| digest<127>                        | IOB              | OUTPUT    | LVCMOS25             |       | 12       | SLOW |              |          |          |
| digest<128>                        | IOB              | OUTPUT    | LVCMOS25             |       | 12       | SLOW |              |          |          |
| digest<129>                        | IOB              | OUTPUT    | LVCMOS25             |       | 12       | SLOW |              |          |          |
| digest<130>                        | IOB              | OUTPUT    | LVCMOS25             |       | 12       | SLOW |              |          |          |
| digest<131>                        | IOB              | OUTPUT    | LVCMOS25             |       | 12       | SLOW |              |          |          |
| digest<132>                        | IOB              | OUTPUT    | LVCMOS25             |       | 12       | SLOW |              |          |          |
| digest<133>                        | IOB              | OUTPUT    | LVCMOS25             |       | 12       | SLOW |              |          |          |
| digest<134>                        | IOB              | OUTPUT    | LVCMOS25             |       | 12       | SLOW |              |          |          |
| digest<135>                        | IOB              | OUTPUT    | LVCMOS25             |       | 12       | SLOW |              |          |          |
| digest<136>                        | IOB              | OUTPUT    | LVCMOS25             |       | 12       | SLOW |              |          |          |
| digest<137>                        | IOB              | OUTPUT    | LVCMOS25             |       | 12       | SLOW |              |          |          |
| digest<138>                        | IOB              | OUTPUT    | LVCMOS25             |       | 12       | SLOW |              |          |          |
| digest<139>                        | IOB              | OUTPUT    | LVCMOS25             |       | 12       | SLOW |              |          |          |
| digest<140>                        | IOB              | OUTPUT    | LVCMOS25             |       | 12       | SLOW |              |          |          |
| digest<141>                        | IOB              | OUTPUT    | LVCMOS25             |       | 12       | SLOW |              |          |          |
| digest<142>                        | IOB              | OUTPUT    | LVCMOS25             |       | 12       | SLOW |              |          |          |
| digest<143>                        | IOB              | OUTPUT    | LVCMOS25             |       | 12       | SLOW |              |          |          |
| digest<144>                        | IOB              | OUTPUT    | LVCMOS25             |       | 12       | SLOW |              |          |          |
| digest<145>                        | IOB              | OUTPUT    | LVCMOS25             |       | 12       | SLOW |              |          |          |
| digest<146>                        | IOB              | OUTPUT    | LVCMOS25             |       | 12       | SLOW |              |          |          |
| digest<147>                        | IOB              | OUTPUT    | LVCMOS25             |       | 12       | SLOW |              |          |          |
| digest<148>                        | IOB              | OUTPUT    | LVCMOS25             |       | 12       | SLOW |              |          |          |
| digest<149>                        | IOB              | OUTPUT    | LVCMOS25             |       | 12       | SLOW |              |          |          |
| digest<150>                        | IOB              | OUTPUT    | LVCMOS25             |       | 12       | SLOW |              |          |          |
| digest<151>                        | IOB              | OUTPUT    | LVCMOS25             |       | 12       | SLOW |              |          |          |
| digest<152>                        | IOB              | OUTPUT    | LVCMOS25             |       | 12       | SLOW |              |          |          |
| digest<153>                        | IOB              | OUTPUT    | LVCMOS25             |       | 12       | SLOW |              |          |          |
| digest<154>                        | IOB              | OUTPUT    | LVCMOS25             |       | 12       | SLOW |              |          |          |
| digest<155>                        | IOB              | OUTPUT    | LVCMOS25             |       | 12       | SLOW |              |          |          |
| digest<156>                        | IOB              | OUTPUT    | LVCMOS25             |       | 12       | SLOW |              |          |          |
| digest<157>                        | IOB              | OUTPUT    | LVCMOS25             |       | 12       | SLOW |              |          |          |
| digest<158>                        | IOB              | OUTPUT    | LVCMOS25             |       | 12       | SLOW |              |          |          |
| digest<159>                        | IOB              | OUTPUT    | LVCMOS25             |       | 12       | SLOW |              |          |          |
| digest<160>                        | IOB              | OUTPUT    | LVCMOS25             |       | 12       | SLOW |              |          |          |
| digest<161>                        | IOB              | OUTPUT    | LVCMOS25             |       | 12       | SLOW |              |          |          |
| digest<162>                        | IOB              | OUTPUT    | LVCMOS25             |       | 12       | SLOW |              |          |          |
| digest<163>                        | IOB              | OUTPUT    | LVCMOS25             |       | 12       | SLOW |              |          |          |
| digest<164>                        | IOB              | OUTPUT    | LVCMOS25             |       | 12       | SLOW |              |          |          |
| digest<165>                        | IOB              | OUTPUT    | LVCMOS25             |       | 12       | SLOW |              |          |          |
| digest<166>                        | IOB              | OUTPUT    | LVCMOS25             |       | 12       | SLOW |              |          |          |
| digest<167>                        | IOB              | OUTPUT    | LVCMOS25             |       | 12       | SLOW |              |          |          |
| digest<168>                        | IOB              | OUTPUT    | LVCMOS25             |       | 12       | SLOW |              |          |          |
| digest<169>                        | IOB              | OUTPUT    | LVCMOS25             |       | 12       | SLOW |              |          |          |
| digest<170>                        | IOB              | OUTPUT    | LVCMOS25             |       | 12       | SLOW |              |          |          |
| digest<171>                        | IOB              | OUTPUT    | LVCMOS25             |       | 12       | SLOW |              |          |          |
| digest<172>                        | IOB              | OUTPUT    | LVCMOS25             |       | 12       | SLOW |              |          |          |
| digest<173>                        | IOB              | OUTPUT    | LVCMOS25             |       | 12       | SLOW |              |          |          |
| digest<174>                        | IOB              | OUTPUT    | LVCMOS25             |       | 12       | SLOW |              |          |          |
| digest<175>                        | IOB              | OUTPUT    | LVCMOS25             |       | 12       | SLOW |              |          |          |
| digest<176>                        | IOB              | OUTPUT    | LVCMOS25             |       | 12       | SLOW |              |          |          |
| digest<177>                        | IOB              | OUTPUT    | LVCMOS25             |       | 12       | SLOW |              |          |          |
| digest<178>                        | IOB              | OUTPUT    | LVCMOS25             |       | 12       | SLOW |              |          |          |
| digest<179>                        | IOB              | OUTPUT    | LVCMOS25             |       | 12       | SLOW |              |          |          |
| digest<180>                        | IOB              | OUTPUT    | LVCMOS25             |       | 12       | SLOW |              |          |          |
| digest<181>                        | IOB              | OUTPUT    | LVCMOS25             |       | 12       | SLOW |              |          |          |
| digest<182>                        | IOB              | OUTPUT    | LVCMOS25             |       | 12       | SLOW |              |          |          |
| digest<183>                        | IOB              | OUTPUT    | LVCMOS25             |       | 12       | SLOW |              |          |          |
| digest<184>                        | IOB              | OUTPUT    | LVCMOS25             |       | 12       | SLOW |              |          |          |
| digest<185>                        | IOB              | OUTPUT    | LVCMOS25             |       | 12       | SLOW |              |          |          |
| digest<186>                        | IOB              | OUTPUT    | LVCMOS25             |       | 12       | SLOW |              |          |          |
| digest<187>                        | IOB              | OUTPUT    | LVCMOS25             |       | 12       | SLOW |              |          |          |
| digest<188>                        | IOB              | OUTPUT    | LVCMOS25             |       | 12       | SLOW |              |          |          |
| digest<189>                        | IOB              | OUTPUT    | LVCMOS25             |       | 12       | SLOW |              |          |          |
| digest<190>                        | IOB              | OUTPUT    | LVCMOS25             |       | 12       | SLOW |              |          |          |
| digest<191>                        | IOB              | OUTPUT    | LVCMOS25             |       | 12       | SLOW |              |          |          |
| digest<192>                        | IOB              | OUTPUT    | LVCMOS25             |       | 12       | SLOW |              |          |          |
| digest<193>                        | IOB              | OUTPUT    | LVCMOS25             |       | 12       | SLOW |              |          |          |
| digest<194>                        | IOB              | OUTPUT    | LVCMOS25             |       | 12       | SLOW |              |          |          |
| digest<195>                        | IOB              | OUTPUT    | LVCMOS25             |       | 12       | SLOW |              |          |          |
| digest<196>                        | IOB              | OUTPUT    | LVCMOS25             |       | 12       | SLOW |              |          |          |
| digest<197>                        | IOB              | OUTPUT    | LVCMOS25             |       | 12       | SLOW |              |          |          |
| digest<198>                        | IOB              | OUTPUT    | LVCMOS25             |       | 12       | SLOW |              |          |          |
| digest<199>                        | IOB              | OUTPUT    | LVCMOS25             |       | 12       | SLOW |              |          |          |
| digest<200>                        | IOB              | OUTPUT    | LVCMOS25             |       | 12       | SLOW |              |          |          |
| digest<201>                        | IOB              | OUTPUT    | LVCMOS25             |       | 12       | SLOW |              |          |          |
| digest<202>                        | IOB              | OUTPUT    | LVCMOS25             |       | 12       | SLOW |              |          |          |
| digest<203>                        | IOB              | OUTPUT    | LVCMOS25             |       | 12       | SLOW |              |          |          |
| digest<204>                        | IOB              | OUTPUT    | LVCMOS25             |       | 12       | SLOW |              |          |          |
| digest<205>                        | IOB              | OUTPUT    | LVCMOS25             |       | 12       | SLOW |              |          |          |
| digest<206>                        | IOB              | OUTPUT    | LVCMOS25             |       | 12       | SLOW |              |          |          |
| digest<207>                        | IOB              | OUTPUT    | LVCMOS25             |       | 12       | SLOW |              |          |          |
| digest<208>                        | IOB              | OUTPUT    | LVCMOS25             |       | 12       | SLOW |              |          |          |
| digest<209>                        | IOB              | OUTPUT    | LVCMOS25             |       | 12       | SLOW |              |          |          |
| digest<210>                        | IOB              | OUTPUT    | LVCMOS25             |       | 12       | SLOW |              |          |          |
| digest<211>                        | IOB              | OUTPUT    | LVCMOS25             |       | 12       | SLOW |              |          |          |
| digest<212>                        | IOB              | OUTPUT    | LVCMOS25             |       | 12       | SLOW |              |          |          |
| digest<213>                        | IOB              | OUTPUT    | LVCMOS25             |       | 12       | SLOW |              |          |          |
| digest<214>                        | IOB              | OUTPUT    | LVCMOS25             |       | 12       | SLOW |              |          |          |
| digest<215>                        | IOB              | OUTPUT    | LVCMOS25             |       | 12       | SLOW |              |          |          |
| digest<216>                        | IOB              | OUTPUT    | LVCMOS25             |       | 12       | SLOW |              |          |          |
| digest<217>                        | IOB              | OUTPUT    | LVCMOS25             |       | 12       | SLOW |              |          |          |
| digest<218>                        | IOB              | OUTPUT    | LVCMOS25             |       | 12       | SLOW |              |          |          |
| digest<219>                        | IOB              | OUTPUT    | LVCMOS25             |       | 12       | SLOW |              |          |          |
| digest<220>                        | IOB              | OUTPUT    | LVCMOS25             |       | 12       | SLOW |              |          |          |
| digest<221>                        | IOB              | OUTPUT    | LVCMOS25             |       | 12       | SLOW |              |          |          |
| digest<222>                        | IOB              | OUTPUT    | LVCMOS25             |       | 12       | SLOW |              |          |          |
| digest<223>                        | IOB              | OUTPUT    | LVCMOS25             |       | 12       | SLOW |              |          |          |
| digest<224>                        | IOB              | OUTPUT    | LVCMOS25             |       | 12       | SLOW |              |          |          |
| digest<225>                        | IOB              | OUTPUT    | LVCMOS25             |       | 12       | SLOW |              |          |          |
| digest<226>                        | IOB              | OUTPUT    | LVCMOS25             |       | 12       | SLOW |              |          |          |
| digest<227>                        | IOB              | OUTPUT    | LVCMOS25             |       | 12       | SLOW |              |          |          |
| digest<228>                        | IOB              | OUTPUT    | LVCMOS25             |       | 12       | SLOW |              |          |          |
| digest<229>                        | IOB              | OUTPUT    | LVCMOS25             |       | 12       | SLOW |              |          |          |
| digest<230>                        | IOB              | OUTPUT    | LVCMOS25             |       | 12       | SLOW |              |          |          |
| digest<231>                        | IOB              | OUTPUT    | LVCMOS25             |       | 12       | SLOW |              |          |          |
| digest<232>                        | IOB              | OUTPUT    | LVCMOS25             |       | 12       | SLOW |              |          |          |
| digest<233>                        | IOB              | OUTPUT    | LVCMOS25             |       | 12       | SLOW |              |          |          |
| digest<234>                        | IOB              | OUTPUT    | LVCMOS25             |       | 12       | SLOW |              |          |          |
| digest<235>                        | IOB              | OUTPUT    | LVCMOS25             |       | 12       | SLOW |              |          |          |
| digest<236>                        | IOB              | OUTPUT    | LVCMOS25             |       | 12       | SLOW |              |          |          |
| digest<237>                        | IOB              | OUTPUT    | LVCMOS25             |       | 12       | SLOW |              |          |          |
| digest<238>                        | IOB              | OUTPUT    | LVCMOS25             |       | 12       | SLOW |              |          |          |
| digest<239>                        | IOB              | OUTPUT    | LVCMOS25             |       | 12       | SLOW |              |          |          |
| digest<240>                        | IOB              | OUTPUT    | LVCMOS25             |       | 12       | SLOW |              |          |          |
| digest<241>                        | IOB              | OUTPUT    | LVCMOS25             |       | 12       | SLOW |              |          |          |
| digest<242>                        | IOB              | OUTPUT    | LVCMOS25             |       | 12       | SLOW |              |          |          |
| digest<243>                        | IOB              | OUTPUT    | LVCMOS25             |       | 12       | SLOW |              |          |          |
| digest<244>                        | IOB              | OUTPUT    | LVCMOS25             |       | 12       | SLOW |              |          |          |
| digest<245>                        | IOB              | OUTPUT    | LVCMOS25             |       | 12       | SLOW |              |          |          |
| digest<246>                        | IOB              | OUTPUT    | LVCMOS25             |       | 12       | SLOW |              |          |          |
| digest<247>                        | IOB              | OUTPUT    | LVCMOS25             |       | 12       | SLOW |              |          |          |
| digest<248>                        | IOB              | OUTPUT    | LVCMOS25             |       | 12       | SLOW |              |          |          |
| digest<249>                        | IOB              | OUTPUT    | LVCMOS25             |       | 12       | SLOW |              |          |          |
| digest<250>                        | IOB              | OUTPUT    | LVCMOS25             |       | 12       | SLOW |              |          |          |
| digest<251>                        | IOB              | OUTPUT    | LVCMOS25             |       | 12       | SLOW |              |          |          |
| digest<252>                        | IOB              | OUTPUT    | LVCMOS25             |       | 12       | SLOW |              |          |          |
| digest<253>                        | IOB              | OUTPUT    | LVCMOS25             |       | 12       | SLOW |              |          |          |
| digest<254>                        | IOB              | OUTPUT    | LVCMOS25             |       | 12       | SLOW |              |          |          |
| digest<255>                        | IOB              | OUTPUT    | LVCMOS25             |       | 12       | SLOW |              |          |          |
| enable                             | IOB              | INPUT     | LVCMOS25             |       |          |      |              |          |          |
| reset                              | IOB              | INPUT     | LVCMOS25             |       |          |      |              |          |          |
| scan_clk                           | IOB              | INPUT     | LVCMOS25             |       |          |      |              |          |          |
| scan_in<0>                         | IOB              | INPUT     | LVCMOS25             |       |          |      |              |          |          |
| scan_in<1>                         | IOB              | INPUT     | LVCMOS25             |       |          |      |              |          |          |
| scan_in<2>                         | IOB              | INPUT     | LVCMOS25             |       |          |      |              |          |          |
| scan_in<3>                         | IOB              | INPUT     | LVCMOS25             |       |          |      |              |          |          |
| scan_in<4>                         | IOB              | INPUT     | LVCMOS25             |       |          |      |              |          |          |
| scan_in<5>                         | IOB              | INPUT     | LVCMOS25             |       |          |      |              |          |          |
| scan_in<6>                         | IOB              | INPUT     | LVCMOS25             |       |          |      |              |          |          |
| scan_in<7>                         | IOB              | INPUT     | LVCMOS25             |       |          |      |              |          |          |
| scan_in<8>                         | IOB              | INPUT     | LVCMOS25             |       |          |      |              |          |          |
| scan_in<9>                         | IOB              | INPUT     | LVCMOS25             |       |          |      |              |          |          |
| scan_in<10>                        | IOB              | INPUT     | LVCMOS25             |       |          |      |              |          |          |
| scan_in<11>                        | IOB              | INPUT     | LVCMOS25             |       |          |      |              |          |          |
| scan_in<12>                        | IOB              | INPUT     | LVCMOS25             |       |          |      |              |          |          |
| scan_in<13>                        | IOB              | INPUT     | LVCMOS25             |       |          |      |              |          |          |
| scan_in<14>                        | IOB              | INPUT     | LVCMOS25             |       |          |      |              |          |          |
| scan_in<15>                        | IOB              | INPUT     | LVCMOS25             |       |          |      |              |          |          |
| scan_in<16>                        | IOB              | INPUT     | LVCMOS25             |       |          |      |              |          |          |
| scan_in<17>                        | IOB              | INPUT     | LVCMOS25             |       |          |      |              |          |          |
| scan_in<18>                        | IOB              | INPUT     | LVCMOS25             |       |          |      |              |          |          |
| scan_in<19>                        | IOB              | INPUT     | LVCMOS25             |       |          |      |              |          |          |
| scan_in<20>                        | IOB              | INPUT     | LVCMOS25             |       |          |      |              |          |          |
| scan_in<21>                        | IOB              | INPUT     | LVCMOS25             |       |          |      |              |          |          |
| scan_in<22>                        | IOB              | INPUT     | LVCMOS25             |       |          |      |              |          |          |
| scan_in<23>                        | IOB              | INPUT     | LVCMOS25             |       |          |      |              |          |          |
| scan_in<24>                        | IOB              | INPUT     | LVCMOS25             |       |          |      |              |          |          |
| scan_in<25>                        | IOB              | INPUT     | LVCMOS25             |       |          |      |              |          |          |
| scan_in<26>                        | IOB              | INPUT     | LVCMOS25             |       |          |      |              |          |          |
| scan_in<27>                        | IOB              | INPUT     | LVCMOS25             |       |          |      |              |          |          |
| scan_in<28>                        | IOB              | INPUT     | LVCMOS25             |       |          |      |              |          |          |
| scan_in<29>                        | IOB              | INPUT     | LVCMOS25             |       |          |      |              |          |          |
| scan_in<30>                        | IOB              | INPUT     | LVCMOS25             |       |          |      |              |          |          |
| scan_in<31>                        | IOB              | INPUT     | LVCMOS25             |       |          |      |              |          |          |
| scan_in<32>                        | IOB              | INPUT     | LVCMOS25             |       |          |      |              |          |          |
| scan_in<33>                        | IOB              | INPUT     | LVCMOS25             |       |          |      |              |          |          |
| scan_in<34>                        | IOB              | INPUT     | LVCMOS25             |       |          |      |              |          |          |
| scan_in<35>                        | IOB              | INPUT     | LVCMOS25             |       |          |      |              |          |          |
| scan_in<36>                        | IOB              | INPUT     | LVCMOS25             |       |          |      |              |          |          |
| scan_in<37>                        | IOB              | INPUT     | LVCMOS25             |       |          |      |              |          |          |
| scan_in<38>                        | IOB              | INPUT     | LVCMOS25             |       |          |      |              |          |          |
| scan_in<39>                        | IOB              | INPUT     | LVCMOS25             |       |          |      |              |          |          |
| scan_in<40>                        | IOB              | INPUT     | LVCMOS25             |       |          |      |              |          |          |
| scan_in<41>                        | IOB              | INPUT     | LVCMOS25             |       |          |      |              |          |          |
| scan_in<42>                        | IOB              | INPUT     | LVCMOS25             |       |          |      |              |          |          |
| scan_in<43>                        | IOB              | INPUT     | LVCMOS25             |       |          |      |              |          |          |
| scan_in<44>                        | IOB              | INPUT     | LVCMOS25             |       |          |      |              |          |          |
| scan_in<45>                        | IOB              | INPUT     | LVCMOS25             |       |          |      |              |          |          |
| scan_in<46>                        | IOB              | INPUT     | LVCMOS25             |       |          |      |              |          |          |
| scan_in<47>                        | IOB              | INPUT     | LVCMOS25             |       |          |      |              |          |          |
| scan_in<48>                        | IOB              | INPUT     | LVCMOS25             |       |          |      |              |          |          |
| scan_in<49>                        | IOB              | INPUT     | LVCMOS25             |       |          |      |              |          |          |
| scan_in<50>                        | IOB              | INPUT     | LVCMOS25             |       |          |      |              |          |          |
| scan_in<51>                        | IOB              | INPUT     | LVCMOS25             |       |          |      |              |          |          |
| scan_in<52>                        | IOB              | INPUT     | LVCMOS25             |       |          |      |              |          |          |
| scan_in<53>                        | IOB              | INPUT     | LVCMOS25             |       |          |      |              |          |          |
| scan_in<54>                        | IOB              | INPUT     | LVCMOS25             |       |          |      |              |          |          |
| scan_in<55>                        | IOB              | INPUT     | LVCMOS25             |       |          |      |              |          |          |
| scan_in<56>                        | IOB              | INPUT     | LVCMOS25             |       |          |      |              |          |          |
| scan_in<57>                        | IOB              | INPUT     | LVCMOS25             |       |          |      |              |          |          |
| scan_in<58>                        | IOB              | INPUT     | LVCMOS25             |       |          |      |              |          |          |
| scan_in<59>                        | IOB              | INPUT     | LVCMOS25             |       |          |      |              |          |          |
| scan_in<60>                        | IOB              | INPUT     | LVCMOS25             |       |          |      |              |          |          |
| scan_in<61>                        | IOB              | INPUT     | LVCMOS25             |       |          |      |              |          |          |
| scan_in<62>                        | IOB              | INPUT     | LVCMOS25             |       |          |      |              |          |          |
| scan_in<63>                        | IOB              | INPUT     | LVCMOS25             |       |          |      |              |          |          |
| scan_in<64>                        | IOB              | INPUT     | LVCMOS25             |       |          |      |              |          |          |
| scan_in<65>                        | IOB              | INPUT     | LVCMOS25             |       |          |      |              |          |          |
| scan_in<66>                        | IOB              | INPUT     | LVCMOS25             |       |          |      |              |          |          |
| scan_in<67>                        | IOB              | INPUT     | LVCMOS25             |       |          |      |              |          |          |
| scan_in<68>                        | IOB              | INPUT     | LVCMOS25             |       |          |      |              |          |          |
| scan_in<69>                        | IOB              | INPUT     | LVCMOS25             |       |          |      |              |          |          |
| scan_in<70>                        | IOB              | INPUT     | LVCMOS25             |       |          |      |              |          |          |
| scan_in<71>                        | IOB              | INPUT     | LVCMOS25             |       |          |      |              |          |          |
| scan_in<72>                        | IOB              | INPUT     | LVCMOS25             |       |          |      |              |          |          |
| scan_in<73>                        | IOB              | INPUT     | LVCMOS25             |       |          |      |              |          |          |
| scan_in<74>                        | IOB              | INPUT     | LVCMOS25             |       |          |      |              |          |          |
| scan_in<75>                        | IOB              | INPUT     | LVCMOS25             |       |          |      |              |          |          |
| scan_in<76>                        | IOB              | INPUT     | LVCMOS25             |       |          |      |              |          |          |
| scan_in<77>                        | IOB              | INPUT     | LVCMOS25             |       |          |      |              |          |          |
| scan_in<78>                        | IOB              | INPUT     | LVCMOS25             |       |          |      |              |          |          |
| scan_in<79>                        | IOB              | INPUT     | LVCMOS25             |       |          |      |              |          |          |
| scan_in<80>                        | IOB              | INPUT     | LVCMOS25             |       |          |      |              |          |          |
| scan_in<81>                        | IOB              | INPUT     | LVCMOS25             |       |          |      |              |          |          |
| scan_in<82>                        | IOB              | INPUT     | LVCMOS25             |       |          |      |              |          |          |
| scan_in<83>                        | IOB              | INPUT     | LVCMOS25             |       |          |      |              |          |          |
| scan_in<84>                        | IOB              | INPUT     | LVCMOS25             |       |          |      |              |          |          |
| scan_in<85>                        | IOB              | INPUT     | LVCMOS25             |       |          |      |              |          |          |
| scan_in<86>                        | IOB              | INPUT     | LVCMOS25             |       |          |      |              |          |          |
| scan_in<87>                        | IOB              | INPUT     | LVCMOS25             |       |          |      |              |          |          |
| scan_in<88>                        | IOB              | INPUT     | LVCMOS25             |       |          |      |              |          |          |
| scan_in<89>                        | IOB              | INPUT     | LVCMOS25             |       |          |      |              |          |          |
| scan_in<90>                        | IOB              | INPUT     | LVCMOS25             |       |          |      |              |          |          |
| scan_in<91>                        | IOB              | INPUT     | LVCMOS25             |       |          |      |              |          |          |
| scan_in<92>                        | IOB              | INPUT     | LVCMOS25             |       |          |      |              |          |          |
| scan_in<93>                        | IOB              | INPUT     | LVCMOS25             |       |          |      |              |          |          |
| scan_in<94>                        | IOB              | INPUT     | LVCMOS25             |       |          |      |              |          |          |
| scan_in<95>                        | IOB              | INPUT     | LVCMOS25             |       |          |      |              |          |          |
| scan_in<96>                        | IOB              | INPUT     | LVCMOS25             |       |          |      |              |          |          |
| scan_in<97>                        | IOB              | INPUT     | LVCMOS25             |       |          |      |              |          |          |
| scan_in<98>                        | IOB              | INPUT     | LVCMOS25             |       |          |      |              |          |          |
| scan_in<99>                        | IOB              | INPUT     | LVCMOS25             |       |          |      |              |          |          |
| scan_in<100>                       | IOB              | INPUT     | LVCMOS25             |       |          |      |              |          |          |
| scan_in<101>                       | IOB              | INPUT     | LVCMOS25             |       |          |      |              |          |          |
| scan_in<102>                       | IOB              | INPUT     | LVCMOS25             |       |          |      |              |          |          |
| scan_in<103>                       | IOB              | INPUT     | LVCMOS25             |       |          |      |              |          |          |
| scan_in<104>                       | IOB              | INPUT     | LVCMOS25             |       |          |      |              |          |          |
| scan_in<105>                       | IOB              | INPUT     | LVCMOS25             |       |          |      |              |          |          |
| scan_in<106>                       | IOB              | INPUT     | LVCMOS25             |       |          |      |              |          |          |
| scan_in<107>                       | IOB              | INPUT     | LVCMOS25             |       |          |      |              |          |          |
| scan_in<108>                       | IOB              | INPUT     | LVCMOS25             |       |          |      |              |          |          |
| scan_in<109>                       | IOB              | INPUT     | LVCMOS25             |       |          |      |              |          |          |
| scan_in<110>                       | IOB              | INPUT     | LVCMOS25             |       |          |      |              |          |          |
| scan_in<111>                       | IOB              | INPUT     | LVCMOS25             |       |          |      |              |          |          |
| scan_in<112>                       | IOB              | INPUT     | LVCMOS25             |       |          |      |              |          |          |
| scan_in<113>                       | IOB              | INPUT     | LVCMOS25             |       |          |      |              |          |          |
| scan_in<114>                       | IOB              | INPUT     | LVCMOS25             |       |          |      |              |          |          |
| scan_in<115>                       | IOB              | INPUT     | LVCMOS25             |       |          |      |              |          |          |
| scan_in<116>                       | IOB              | INPUT     | LVCMOS25             |       |          |      |              |          |          |
| scan_in<117>                       | IOB              | INPUT     | LVCMOS25             |       |          |      |              |          |          |
| scan_in<118>                       | IOB              | INPUT     | LVCMOS25             |       |          |      |              |          |          |
| scan_in<119>                       | IOB              | INPUT     | LVCMOS25             |       |          |      |              |          |          |
| scan_in<120>                       | IOB              | INPUT     | LVCMOS25             |       |          |      |              |          |          |
| scan_in<121>                       | IOB              | INPUT     | LVCMOS25             |       |          |      |              |          |          |
| scan_in<122>                       | IOB              | INPUT     | LVCMOS25             |       |          |      |              |          |          |
| scan_in<123>                       | IOB              | INPUT     | LVCMOS25             |       |          |      |              |          |          |
| scan_in<124>                       | IOB              | INPUT     | LVCMOS25             |       |          |      |              |          |          |
| scan_in<125>                       | IOB              | INPUT     | LVCMOS25             |       |          |      |              |          |          |
| scan_in<126>                       | IOB              | INPUT     | LVCMOS25             |       |          |      |              |          |          |
| scan_in<127>                       | IOB              | INPUT     | LVCMOS25             |       |          |      |              |          |          |
| scan_in<128>                       | IOB              | INPUT     | LVCMOS25             |       |          |      |              |          |          |
| scan_in<129>                       | IOB              | INPUT     | LVCMOS25             |       |          |      |              |          |          |
| scan_in<130>                       | IOB              | INPUT     | LVCMOS25             |       |          |      |              |          |          |
| scan_in<131>                       | IOB              | INPUT     | LVCMOS25             |       |          |      |              |          |          |
| scan_in<132>                       | IOB              | INPUT     | LVCMOS25             |       |          |      |              |          |          |
| scan_in<133>                       | IOB              | INPUT     | LVCMOS25             |       |          |      |              |          |          |
| scan_in<134>                       | IOB              | INPUT     | LVCMOS25             |       |          |      |              |          |          |
| scan_in<135>                       | IOB              | INPUT     | LVCMOS25             |       |          |      |              |          |          |
+---------------------------------------------------------------------------------------------------------------------------------------------------------+

Section 7 - RPMs
----------------

Section 8 - Guide Report
------------------------
Guide not run on this design.

Section 9 - Area Group and Partition Summary
--------------------------------------------

Partition Implementation Status
-------------------------------

  No Partitions were found in this design.

-------------------------------

Area Group Information
----------------------

  No area groups were found in this design.

----------------------

Section 10 - Timing Report
--------------------------
A logic-level (pre-route) timing report can be generated by using Xilinx static
timing analysis tools, Timing Analyzer (GUI) or TRCE (command line), with the
mapped NCD and PCF files. Please note that this timing report will be generated
using estimated delay information. For accurate numbers, please generate a
timing report with the post Place and Route NCD file.

For more information about the Timing Analyzer, consult the Xilinx Timing
Analyzer Reference Manual; for more information about TRCE, consult the Xilinx
Command Line Tools User Guide "TRACE" chapter.

Section 11 - Configuration String Details
-----------------------------------------
Use the "-detail" map option to print out Configuration Strings

Section 12 - Control Set Information
------------------------------------
Use the "-detail" map option to print out Control Set Information.

Section 13 - Utilization by Hierarchy
-------------------------------------
Use the "-detail" map option to print out the Utilization by Hierarchy section.
