Command line:
   sha3_tb_isim_beh.exe
     -simmode  gui
     -simrunnum  0
     -socket  52266

Sat May 11 23:08:01 2019


 Elaboration Time: 0.203125 sec

 Current Memory Usage: 5506.89 Meg

 Total Signals          : 61
 Total Nets             : 17381
 Total Signal Drivers   : 8343
 Total Blocks           : 12
 Total Primitive Blocks : 9
 Total Processes        : 8350
 Total Traceable Variables  : 31
 Total Scalar Nets and Variables : 21996
Total Line Count : 1692

 Total Simulation Time: 5.28125 sec

 Current Memory Usage: 5349.6 Meg

Sat May 11 23:26:42 2019

